<?xml version="1.0" encoding="UTF-8" ?>
<testsuite tests="4" failures="0" name="edu.java.se.junit5.introduction.FizzBuzzTest" time="0.01" errors="0" skipped="0">
  <properties>
    <property name="idea.version" value="2022.3.1"/>
    <property name="java.runtime.name" value="OpenJDK Runtime Environment"/>
    <property name="java.vm.version" value="17.0.5+8-Ubuntu-2ubuntu122.04"/>
    <property name="sun.boot.library.path" value="/usr/lib/jvm/java-17-openjdk-amd64/lib"/>
    <property name="maven.multiModuleProjectDirectory" value="/home/efren/Programacion/Java/java-se"/>
    <property name="java.vm.vendor" value="Private Build"/>
    <property name="java.vendor.url" value="Unknown"/>
    <property name="guice.disable.misplaced.annotation.check" value="true"/>
    <property name="path.separator" value=":"/>
    <property name="java.vm.name" value="OpenJDK 64-Bit Server VM"/>
    <property name="user.country" value="ES"/>
    <property name="sun.java.launcher" value="SUN_STANDARD"/>
    <property name="java.vm.specification.name" value="Java Virtual Machine Specification"/>
    <property name="user.dir" value="/home/efren/Programacion/Java/java-se"/>
    <property name="java.vm.compressedOopsMode" value="32-bit"/>
    <property name="java.runtime.version" value="17.0.5+8-Ubuntu-2ubuntu122.04"/>
    <property name="os.arch" value="amd64"/>
    <property name="java.io.tmpdir" value="/tmp"/>
    <property name="line.separator" value="
"/>
    <property name="java.vm.specification.vendor" value="Oracle Corporation"/>
    <property name="os.name" value="Linux"/>
    <property name="maven.ext.class.path" value="/home/efren/.local/share/JetBrains/Toolbox/apps/IDEA-U/ch-0/223.8214.52/plugins/maven/lib/maven-event-listener.jar"/>
    <property name="classworlds.conf" value="/home/efren/.local/share/JetBrains/Toolbox/apps/IDEA-U/ch-0/223.8214.52/plugins/maven/lib/maven3/bin/m2.conf"/>
    <property name="sun.jnu.encoding" value="UTF-8"/>
    <property name="java.library.path" value="/usr/java/packages/lib:/usr/lib/x86_64-linux-gnu/jni:/lib/x86_64-linux-gnu:/usr/lib/x86_64-linux-gnu:/usr/lib/jni:/lib:/usr/lib"/>
    <property name="jansi.passthrough" value="true"/>
    <property name="maven.conf" value="/home/efren/.local/share/JetBrains/Toolbox/apps/IDEA-U/ch-0/223.8214.52/plugins/maven/lib/maven3/conf"/>
    <property name="jdk.debug" value="release"/>
    <property name="java.class.version" value="61.0"/>
    <property name="java.specification.name" value="Java Platform API Specification"/>
    <property name="sun.management.compiler" value="HotSpot 64-Bit Tiered Compilers"/>
    <property name="os.version" value="5.15.0-57-generic"/>
    <property name="user.home" value="/home/efren"/>
    <property name="user.timezone" value="America/Guayaquil"/>
    <property name="file.encoding" value="UTF-8"/>
    <property name="java.specification.version" value="17"/>
    <property name="user.name" value="efren"/>
    <property name="java.class.path" value="/home/efren/.local/share/JetBrains/Toolbox/apps/IDEA-U/ch-0/223.8214.52/plugins/maven/lib/maven3/boot/plexus-classworlds.license:/home/efren/.local/share/JetBrains/Toolbox/apps/IDEA-U/ch-0/223.8214.52/plugins/maven/lib/maven3/boot/plexus-classworlds-2.6.0.jar"/>
    <property name="java.vm.specification.version" value="17"/>
    <property name="sun.arch.data.model" value="64"/>
    <property name="sun.java.command" value="org.codehaus.classworlds.Launcher -Didea.version=2022.3.1 test"/>
    <property name="java.home" value="/usr/lib/jvm/java-17-openjdk-amd64"/>
    <property name="user.language" value="es"/>
    <property name="java.specification.vendor" value="Oracle Corporation"/>
    <property name="java.vm.info" value="mixed mode, sharing"/>
    <property name="java.version" value="17.0.5"/>
    <property name="native.encoding" value="UTF-8"/>
    <property name="securerandom.source" value="file:/dev/./urandom"/>
    <property name="java.vendor" value="Private Build"/>
    <property name="maven.home" value="/home/efren/.local/share/JetBrains/Toolbox/apps/IDEA-U/ch-0/223.8214.52/plugins/maven/lib/maven3"/>
    <property name="file.separator" value="/"/>
    <property name="java.version.date" value="2022-10-18"/>
    <property name="java.vendor.url.bug" value="Unknown"/>
    <property name="sun.io.unicode.encoding" value="UnicodeLittle"/>
    <property name="sun.cpu.endian" value="little"/>
  </properties>
  <testcase classname="edu.java.se.junit5.introduction.FizzBuzzTest" name="edu.java.se.junit5.introduction.FizzBuzzTest.testFizz" time="0.008"/>
  <testcase classname="edu.java.se.junit5.introduction.FizzBuzzTest" name="edu.java.se.junit5.introduction.FizzBuzzTest.testBuzz" time="0"/>
  <testcase classname="edu.java.se.junit5.introduction.FizzBuzzTest" name="edu.java.se.junit5.introduction.FizzBuzzTest.testFizzBuzz" time="0"/>
  <testcase classname="edu.java.se.junit5.introduction.FizzBuzzTest" name="edu.java.se.junit5.introduction.FizzBuzzTest.testChallengeFizzBuzz" time="0.002"/>
</testsuite>